<?xml version="1.0" encoding="UTF-8"?>
<testng-results ignored="0" total="1" passed="1" failed="0" skipped="0">
  <reporter-output>
  </reporter-output>
  <suite started-at="2025-07-13T15:25:26 IST" name="Suite" finished-at="2025-07-13T15:25:39 IST" duration-ms="12517">
    <groups>
    </groups>
    <test started-at="2025-07-13T15:25:26 IST" name="Test" finished-at="2025-07-13T15:25:39 IST" duration-ms="12517">
      <class name="com.facbook.test.FacebookTest">
        <test-method signature="launchFacebook()[pri:0, instance:com.facbook.test.FacebookTest@4ac3c60d]" started-at="2025-07-13T15:25:26 IST" name="launchFacebook" finished-at="2025-07-13T15:25:39 IST" duration-ms="12458" status="PASS">
          <reporter-output>
          </reporter-output>
        </test-method> <!-- launchFacebook -->
      </class> <!-- com.facbook.test.FacebookTest -->
    </test> <!-- Test -->
  </suite> <!-- Suite -->
</testng-results>
